<?xml version="1.0" encoding="UTF-8"?>
<coverage generated="1666973090242" clover="3.2.0">
  <project timestamp="1666973090242" name="All files">
    <metrics statements="35" coveredstatements="29" conditionals="4" coveredconditionals="3" methods="8" coveredmethods="6" elements="47" coveredelements="38" complexity="0" loc="35" ncloc="35" packages="2" files="3" classes="3"/>
    <package name="medowlark">
      <metrics statements="26" coveredstatements="20" conditionals="4" coveredconditionals="3" methods="3" coveredmethods="1"/>
      <file name="medowlark.js" path="C:\Users\Student\Documents\SeanMcWebDev\PracticeWork\WebDevelopmentWithNodeAndExpress\medowlark\medowlark.js">
        <metrics statements="26" coveredstatements="20" conditionals="4" coveredconditionals="3" methods="3" coveredmethods="1"/>
        <line num="1" count="1" type="stmt"/>
        <line num="2" count="1" type="stmt"/>
        <line num="3" count="1" type="stmt"/>
        <line num="4" count="1" type="stmt"/>
        <line num="6" count="1" type="stmt"/>
        <line num="9" count="1" type="stmt"/>
        <line num="12" count="1" type="stmt"/>
        <line num="14" count="1" type="cond" truecount="2" falsecount="0"/>
        <line num="17" count="1" type="stmt"/>
        <line num="20" count="1" type="cond" truecount="1" falsecount="1"/>
        <line num="21" count="0" type="stmt"/>
        <line num="22" count="0" type="stmt"/>
        <line num="26" count="1" type="stmt"/>
        <line num="41" count="1" type="stmt"/>
        <line num="42" count="1" type="stmt"/>
        <line num="43" count="1" type="stmt"/>
        <line num="44" count="1" type="stmt"/>
        <line num="48" count="1" type="stmt"/>
        <line num="49" count="0" type="stmt"/>
        <line num="50" count="0" type="stmt"/>
        <line num="51" count="0" type="stmt"/>
        <line num="52" count="0" type="stmt"/>
        <line num="56" count="1" type="stmt"/>
        <line num="58" count="1" type="stmt"/>
        <line num="61" count="1" type="stmt"/>
        <line num="64" count="1" type="stmt"/>
      </file>
    </package>
    <package name="medowlark.library">
      <metrics statements="9" coveredstatements="9" conditionals="0" coveredconditionals="0" methods="5" coveredmethods="5"/>
      <file name="fortune.js" path="C:\Users\Student\Documents\SeanMcWebDev\PracticeWork\WebDevelopmentWithNodeAndExpress\medowlark\library\fortune.js">
        <metrics statements="4" coveredstatements="4" conditionals="0" coveredconditionals="0" methods="1" coveredmethods="1"/>
        <line num="2" count="2" type="stmt"/>
        <line num="10" count="2" type="stmt"/>
        <line num="11" count="1" type="stmt"/>
        <line num="12" count="1" type="stmt"/>
      </file>
      <file name="handlers.js" path="C:\Users\Student\Documents\SeanMcWebDev\PracticeWork\WebDevelopmentWithNodeAndExpress\medowlark\library\handlers.js">
        <metrics statements="5" coveredstatements="5" conditionals="0" coveredconditionals="0" methods="4" coveredmethods="4"/>
        <line num="1" count="2" type="stmt"/>
        <line num="3" count="2" type="stmt"/>
        <line num="5" count="2" type="stmt"/>
        <line num="7" count="2" type="stmt"/>
        <line num="9" count="2" type="stmt"/>
      </file>
    </package>
  </project>
</coverage>
