{"C:\\Users\\Student\\Documents\\SeanMcWebDev\\PracticeWork\\WebDevelopmentWithNodeAndExpress\\medowlark\\medowlark.js": {"path":"C:\\Users\\Student\\Documents\\SeanMcWebDev\\PracticeWork\\WebDevelopmentWithNodeAndExpress\\medowlark\\medowlark.js","statementMap":{"0":{"start":{"line":1,"column":16},"end":{"line":1,"column":34}},"1":{"start":{"line":2,"column":26},"end":{"line":2,"column":55}},"2":{"start":{"line":3,"column":16},"end":{"line":3,"column":44}},"3":{"start":{"line":4,"column":17},"end":{"line":4,"column":46}},"4":{"start":{"line":6,"column":12},"end":{"line":6,"column":21}},"5":{"start":{"line":9,"column":0},"end":{"line":11,"column":3}},"6":{"start":{"line":12,"column":0},"end":{"line":12,"column":36}},"7":{"start":{"line":14,"column":13},"end":{"line":14,"column":37}},"8":{"start":{"line":17,"column":0},"end":{"line":17,"column":46}},"9":{"start":{"line":20,"column":0},"end":{"line":27,"column":5}},"10":{"start":{"line":21,"column":4},"end":{"line":24,"column":10}},"11":{"start":{"line":22,"column":8},"end":{"line":23,"column":43}},"12":{"start":{"line":26,"column":6},"end":{"line":26,"column":26}},"13":{"start":{"line":41,"column":0},"end":{"line":45,"column":2}},"14":{"start":{"line":42,"column":4},"end":{"line":42,"column":26}},"15":{"start":{"line":43,"column":4},"end":{"line":43,"column":19}},"16":{"start":{"line":44,"column":4},"end":{"line":44,"column":31}},"17":{"start":{"line":48,"column":0},"end":{"line":53,"column":2}},"18":{"start":{"line":49,"column":4},"end":{"line":49,"column":30}},"19":{"start":{"line":50,"column":4},"end":{"line":50,"column":26}},"20":{"start":{"line":51,"column":4},"end":{"line":51,"column":19}},"21":{"start":{"line":52,"column":4},"end":{"line":52,"column":34}},"22":{"start":{"line":56,"column":0},"end":{"line":56,"column":27}},"23":{"start":{"line":58,"column":0},"end":{"line":58,"column":28}},"24":{"start":{"line":61,"column":0},"end":{"line":61,"column":31}},"25":{"start":{"line":64,"column":0},"end":{"line":64,"column":34}}},"fnMap":{"0":{"name":"(anonymous_0)","decl":{"start":{"line":21,"column":21},"end":{"line":21,"column":22}},"loc":{"start":{"line":21,"column":27},"end":{"line":24,"column":9}},"line":21},"1":{"name":"(anonymous_1)","decl":{"start":{"line":41,"column":8},"end":{"line":41,"column":9}},"loc":{"start":{"line":41,"column":22},"end":{"line":45,"column":1}},"line":41},"2":{"name":"(anonymous_2)","decl":{"start":{"line":48,"column":8},"end":{"line":48,"column":9}},"loc":{"start":{"line":48,"column":33},"end":{"line":53,"column":1}},"line":48}},"branchMap":{"0":{"loc":{"start":{"line":14,"column":13},"end":{"line":14,"column":37}},"type":"binary-expr","locations":[{"start":{"line":14,"column":13},"end":{"line":14,"column":29}},{"start":{"line":14,"column":33},"end":{"line":14,"column":37}}],"line":14},"1":{"loc":{"start":{"line":20,"column":0},"end":{"line":27,"column":5}},"type":"if","locations":[{"start":{"line":20,"column":0},"end":{"line":27,"column":5}},{"start":{"line":25,"column":11},"end":{"line":27,"column":5}}],"line":20}},"s":{"0":1,"1":1,"2":1,"3":1,"4":1,"5":1,"6":1,"7":1,"8":1,"9":1,"10":0,"11":0,"12":1,"13":1,"14":1,"15":1,"16":1,"17":1,"18":0,"19":0,"20":0,"21":0,"22":1,"23":1,"24":1,"25":1},"f":{"0":0,"1":1,"2":0},"b":{"0":[1,1],"1":[0,1]},"_coverageSchema":"1a1c01bbd47fc00a2c39e90264f33305004495a9","hash":"0a03ed62d0ead086598044221e435561a8750c65"}
,"C:\\Users\\Student\\Documents\\SeanMcWebDev\\PracticeWork\\WebDevelopmentWithNodeAndExpress\\medowlark\\library\\fortune.js": {"path":"C:\\Users\\Student\\Documents\\SeanMcWebDev\\PracticeWork\\WebDevelopmentWithNodeAndExpress\\medowlark\\library\\fortune.js","statementMap":{"0":{"start":{"line":2,"column":23},"end":{"line":8,"column":1}},"1":{"start":{"line":10,"column":0},"end":{"line":13,"column":1}},"2":{"start":{"line":11,"column":16},"end":{"line":11,"column":63}},"3":{"start":{"line":12,"column":4},"end":{"line":12,"column":30}}},"fnMap":{"0":{"name":"(anonymous_0)","decl":{"start":{"line":10,"column":21},"end":{"line":10,"column":22}},"loc":{"start":{"line":10,"column":27},"end":{"line":13,"column":1}},"line":10}},"branchMap":{},"s":{"0":2,"1":2,"2":1,"3":1},"f":{"0":1},"b":{},"_coverageSchema":"1a1c01bbd47fc00a2c39e90264f33305004495a9","hash":"b116a63c9f8292a3db9f24949b992bd5b96fdbd9"}
,"C:\\Users\\Student\\Documents\\SeanMcWebDev\\PracticeWork\\WebDevelopmentWithNodeAndExpress\\medowlark\\library\\handlers.js": {"path":"C:\\Users\\Student\\Documents\\SeanMcWebDev\\PracticeWork\\WebDevelopmentWithNodeAndExpress\\medowlark\\library\\handlers.js","statementMap":{"0":{"start":{"line":1,"column":16},"end":{"line":1,"column":36}},"1":{"start":{"line":3,"column":0},"end":{"line":3,"column":47}},"2":{"start":{"line":3,"column":29},"end":{"line":3,"column":47}},"3":{"start":{"line":5,"column":0},"end":{"line":5,"column":84}},"4":{"start":{"line":5,"column":30},"end":{"line":5,"column":84}},"5":{"start":{"line":7,"column":0},"end":{"line":7,"column":50}},"6":{"start":{"line":7,"column":33},"end":{"line":7,"column":50}},"7":{"start":{"line":9,"column":0},"end":{"line":9,"column":64}},"8":{"start":{"line":9,"column":47},"end":{"line":9,"column":64}}},"fnMap":{"0":{"name":"(anonymous_0)","decl":{"start":{"line":3,"column":15},"end":{"line":3,"column":16}},"loc":{"start":{"line":3,"column":29},"end":{"line":3,"column":47}},"line":3},"1":{"name":"(anonymous_1)","decl":{"start":{"line":5,"column":16},"end":{"line":5,"column":17}},"loc":{"start":{"line":5,"column":30},"end":{"line":5,"column":84}},"line":5},"2":{"name":"(anonymous_2)","decl":{"start":{"line":7,"column":19},"end":{"line":7,"column":20}},"loc":{"start":{"line":7,"column":33},"end":{"line":7,"column":50}},"line":7},"3":{"name":"(anonymous_3)","decl":{"start":{"line":9,"column":22},"end":{"line":9,"column":23}},"loc":{"start":{"line":9,"column":47},"end":{"line":9,"column":64}},"line":9}},"branchMap":{},"s":{"0":2,"1":2,"2":1,"3":2,"4":1,"5":2,"6":1,"7":2,"8":1},"f":{"0":1,"1":1,"2":1,"3":1},"b":{},"_coverageSchema":"1a1c01bbd47fc00a2c39e90264f33305004495a9","hash":"5671e5ddc67034b94190051b4c4e570f9caa0583"}
}
